<?xml version="1.0" encoding="UTF-8"?>
<coverage generated="1743390026403" clover="3.2.0">
  <project timestamp="1743390026403" name="All files">
    <metrics statements="21" coveredstatements="15" conditionals="4" coveredconditionals="0" methods="10" coveredmethods="5" elements="35" coveredelements="20" complexity="0" loc="21" ncloc="21" packages="1" files="5" classes="5"/>
    <file name="clientes.tsx" path="/Users/setroun/Desktop/CCP/ccp-movil-ventas/app/clientes.tsx">
      <metrics statements="2" coveredstatements="2" conditionals="0" coveredconditionals="0" methods="1" coveredmethods="1"/>
      <line num="4" count="1" type="stmt"/>
      <line num="11" count="1" type="stmt"/>
    </file>
    <file name="index.tsx" path="/Users/setroun/Desktop/CCP/ccp-movil-ventas/app/index.tsx">
      <metrics statements="7" coveredstatements="3" conditionals="0" coveredconditionals="0" methods="5" coveredmethods="1"/>
      <line num="5" count="1" type="stmt"/>
      <line num="7" count="1" type="stmt"/>
      <line num="12" count="0" type="stmt"/>
      <line num="16" count="0" type="stmt"/>
      <line num="20" count="0" type="stmt"/>
      <line num="25" count="0" type="stmt"/>
      <line num="31" count="1" type="stmt"/>
    </file>
    <file name="login.tsx" path="/Users/setroun/Desktop/CCP/ccp-movil-ventas/app/login.tsx">
      <metrics statements="8" coveredstatements="6" conditionals="4" coveredconditionals="0" methods="2" coveredmethods="1"/>
      <line num="6" count="1" type="stmt"/>
      <line num="7" count="1" type="stmt"/>
      <line num="8" count="1" type="stmt"/>
      <line num="10" count="1" type="stmt"/>
      <line num="11" count="0" type="cond" truecount="0" falsecount="4"/>
      <line num="12" count="0" type="stmt"/>
      <line num="16" count="1" type="stmt"/>
      <line num="40" count="1" type="stmt"/>
    </file>
    <file name="rutas.tsx" path="/Users/setroun/Desktop/CCP/ccp-movil-ventas/app/rutas.tsx">
      <metrics statements="2" coveredstatements="2" conditionals="0" coveredconditionals="0" methods="1" coveredmethods="1"/>
      <line num="4" count="1" type="stmt"/>
      <line num="11" count="1" type="stmt"/>
    </file>
    <file name="visitas.tsx" path="/Users/setroun/Desktop/CCP/ccp-movil-ventas/app/visitas.tsx">
      <metrics statements="2" coveredstatements="2" conditionals="0" coveredconditionals="0" methods="1" coveredmethods="1"/>
      <line num="4" count="1" type="stmt"/>
      <line num="11" count="1" type="stmt"/>
    </file>
  </project>
</coverage>
