TN:
SF:app/clientes.tsx
FN:3,Clientes
FNF:1
FNH:1
FNDA:1,Clientes
DA:4,1
DA:11,1
LF:2
LH:2
BRF:0
BRH:0
end_of_record
TN:
SF:app/index.tsx
FN:4,Home
FN:12,(anonymous_1)
FN:16,(anonymous_2)
FN:20,(anonymous_3)
FN:25,(anonymous_4)
FNF:5
FNH:1
FNDA:1,Home
FNDA:0,(anonymous_1)
FNDA:0,(anonymous_2)
FNDA:0,(anonymous_3)
FNDA:0,(anonymous_4)
DA:5,1
DA:7,1
DA:12,0
DA:16,0
DA:20,0
DA:25,0
DA:31,1
LF:7
LH:3
BRF:0
BRH:0
end_of_record
TN:
SF:app/login.tsx
FN:5,Login
FN:10,(anonymous_1)
FNF:2
FNH:1
FNDA:1,Login
FNDA:0,(anonymous_1)
DA:6,1
DA:7,1
DA:8,1
DA:10,1
DA:11,0
DA:12,0
DA:16,1
DA:40,1
LF:8
LH:6
BRDA:11,0,0,0
BRDA:11,0,1,0
BRDA:11,1,0,0
BRDA:11,1,1,0
BRF:4
BRH:0
end_of_record
TN:
SF:app/rutas.tsx
FN:3,Rutas
FNF:1
FNH:1
FNDA:1,Rutas
DA:4,1
DA:11,1
LF:2
LH:2
BRF:0
BRH:0
end_of_record
TN:
SF:app/visitas.tsx
FN:3,Visitas
FNF:1
FNH:1
FNDA:1,Visitas
DA:4,1
DA:11,1
LF:2
LH:2
BRF:0
BRH:0
end_of_record
